{
  "stats": {
    "suites": 1,
    "tests": 3,
    "passes": 3,
    "pending": 0,
    "failures": 0,
    "start": "2023-12-08T02:48:07.799Z",
    "end": "2023-12-08T02:48:36.468Z",
    "duration": 28669,
    "testsRegistered": 3,
    "passPercent": 100,
    "pendingPercent": 0,
    "other": 0,
    "hasOther": false,
    "skipped": 0,
    "hasSkipped": false
  },
  "results": [
    {
      "uuid": "791ec7b5-0e2b-498a-bb99-d91b059bd7fa",
      "title": "",
      "fullFile": "cypress\\e2e\\method\\hidingcred.js",
      "file": "cypress\\e2e\\method\\hidingcred.js",
      "beforeHooks": [],
      "afterHooks": [],
      "tests": [],
      "suites": [
        {
          "uuid": "69e5e5fd-3c47-4283-beea-7127ed61fc78",
          "title": "practicing hooks",
          "fullFile": "",
          "file": "",
          "beforeHooks": [],
          "afterHooks": [],
          "tests": [
            {
              "title": "Test 1",
              "fullTitle": "practicing hooks Test 1",
              "timedOut": null,
              "duration": 20353,
              "state": "passed",
              "speed": "slow",
              "pass": true,
              "fail": false,
              "pending": false,
              "context": null,
              "code": "cy.visit('/');\ncy.contains('Admin').click();\ncy.get(_admin.admin.addButton).click();",
              "err": {},
              "uuid": "325652a9-cc06-4a5b-a4e2-9981f02d80c6",
              "parentUUID": "69e5e5fd-3c47-4283-beea-7127ed61fc78",
              "isHook": false,
              "skipped": false
            },
            {
              "title": "Test 2",
              "fullTitle": "practicing hooks Test 2",
              "timedOut": null,
              "duration": 4104,
              "state": "passed",
              "speed": "fast",
              "pass": true,
              "fail": false,
              "pending": false,
              "context": null,
              "code": "cy.visit('/');\ncy.contains(\"Claim\").click();",
              "err": {},
              "uuid": "e2cb7308-0e3e-4f00-afce-1e28e6ce45fd",
              "parentUUID": "69e5e5fd-3c47-4283-beea-7127ed61fc78",
              "isHook": false,
              "skipped": false
            },
            {
              "title": "Test 2",
              "fullTitle": "practicing hooks Test 2",
              "timedOut": null,
              "duration": 4053,
              "state": "passed",
              "speed": "fast",
              "pass": true,
              "fail": false,
              "pending": false,
              "context": null,
              "code": "cy.visit('/');\ncy.contains(\"Directory\").click();",
              "err": {},
              "uuid": "160e1151-4149-48d5-b834-730ea92c7bb8",
              "parentUUID": "69e5e5fd-3c47-4283-beea-7127ed61fc78",
              "isHook": false,
              "skipped": false
            }
          ],
          "suites": [],
          "passes": [
            "325652a9-cc06-4a5b-a4e2-9981f02d80c6",
            "e2cb7308-0e3e-4f00-afce-1e28e6ce45fd",
            "160e1151-4149-48d5-b834-730ea92c7bb8"
          ],
          "failures": [],
          "pending": [],
          "skipped": [],
          "duration": 28510,
          "root": false,
          "rootEmpty": false,
          "_timeout": 2000
        }
      ],
      "passes": [],
      "failures": [],
      "pending": [],
      "skipped": [],
      "duration": 0,
      "root": true,
      "rootEmpty": true,
      "_timeout": 2000
    }
  ],
  "meta": {
    "mocha": {
      "version": "7.0.1"
    },
    "mochawesome": {
      "options": {
        "quiet": false,
        "reportFilename": "mochawesome",
        "saveHtml": true,
        "saveJson": true,
        "consoleReporter": "spec",
        "useInlineDiffs": false,
        "code": true
      },
      "version": "7.1.3"
    },
    "marge": {
      "options": null,
      "version": "6.2.0"
    }
  }
}